Performing C SOURCE FILE Test CMAKE_HAVE_LIBC_PTHREAD failed with the following output:
Change Dir: /work/app/build/CMakeFiles/CMakeTmp

Run Build Command(s):/usr/bin/make -f Makefile cmTC_afe6d/fast && /usr/bin/make  -f CMakeFiles/cmTC_afe6d.dir/build.make CMakeFiles/cmTC_afe6d.dir/build
make[1]: Entering directory '/work/app/build/CMakeFiles/CMakeTmp'
Building C object CMakeFiles/cmTC_afe6d.dir/src.c.o
/usr/bin/cc -DCMAKE_HAVE_LIBC_PTHREAD  -fPIC  -o CMakeFiles/cmTC_afe6d.dir/src.c.o -c /work/app/build/CMakeFiles/CMakeTmp/src.c
Linking C executable cmTC_afe6d
/usr/bin/cmake -E cmake_link_script CMakeFiles/cmTC_afe6d.dir/link.txt --verbose=1
/usr/bin/cc -fPIC  CMakeFiles/cmTC_afe6d.dir/src.c.o -o cmTC_afe6d 
CMakeFiles/cmTC_afe6d.dir/src.c.o: In function `main':
src.c:(.text+0x3e): undefined reference to `pthread_create'
src.c:(.text+0x4a): undefined reference to `pthread_detach'
src.c:(.text+0x56): undefined reference to `pthread_cancel'
src.c:(.text+0x67): undefined reference to `pthread_join'
src.c:(.text+0x7b): undefined reference to `pthread_atfork'
collect2: error: ld returned 1 exit status
CMakeFiles/cmTC_afe6d.dir/build.make:98: recipe for target 'cmTC_afe6d' failed
make[1]: *** [cmTC_afe6d] Error 1
make[1]: Leaving directory '/work/app/build/CMakeFiles/CMakeTmp'
Makefile:127: recipe for target 'cmTC_afe6d/fast' failed
make: *** [cmTC_afe6d/fast] Error 2


Source file was:
#include <pthread.h>

static void* test_func(void* data)
{
  return data;
}

int main(void)
{
  pthread_t thread;
  pthread_create(&thread, NULL, test_func, NULL);
  pthread_detach(thread);
  pthread_cancel(thread);
  pthread_join(thread, NULL);
  pthread_atfork(NULL, NULL, NULL);
  pthread_exit(NULL);

  return 0;
}

Determining if the function pthread_create exists in the pthreads failed with the following output:
Change Dir: /work/app/build/CMakeFiles/CMakeTmp

Run Build Command(s):/usr/bin/make -f Makefile cmTC_662f8/fast && /usr/bin/make  -f CMakeFiles/cmTC_662f8.dir/build.make CMakeFiles/cmTC_662f8.dir/build
make[1]: Entering directory '/work/app/build/CMakeFiles/CMakeTmp'
Building C object CMakeFiles/cmTC_662f8.dir/CheckFunctionExists.c.o
/usr/bin/cc   -fPIC -DCHECK_FUNCTION_EXISTS=pthread_create -o CMakeFiles/cmTC_662f8.dir/CheckFunctionExists.c.o -c /usr/share/cmake-3.22/Modules/CheckFunctionExists.c
Linking C executable cmTC_662f8
/usr/bin/cmake -E cmake_link_script CMakeFiles/cmTC_662f8.dir/link.txt --verbose=1
/usr/bin/cc -fPIC -DCHECK_FUNCTION_EXISTS=pthread_create CMakeFiles/cmTC_662f8.dir/CheckFunctionExists.c.o -o cmTC_662f8  -lpthreads 
/usr/bin/ld: cannot find -lpthreads
collect2: error: ld returned 1 exit status
CMakeFiles/cmTC_662f8.dir/build.make:98: recipe for target 'cmTC_662f8' failed
make[1]: *** [cmTC_662f8] Error 1
make[1]: Leaving directory '/work/app/build/CMakeFiles/CMakeTmp'
Makefile:127: recipe for target 'cmTC_662f8/fast' failed
make: *** [cmTC_662f8/fast] Error 2



